<?xml version="1.0" encoding="UTF-8"?>
<testng-results ignored="0" total="1" passed="1" failed="0" skipped="0">
  <reporter-output>
  </reporter-output>
  <suite started-at="2021-07-21T16:10:44 IST" name="Default suite" finished-at="2021-07-21T16:10:53 IST" duration-ms="8716">
    <groups>
    </groups>
    <test started-at="2021-07-21T16:10:44 IST" name="Default test" finished-at="2021-07-21T16:10:53 IST" duration-ms="8716">
      <class name="application.tests.TC001_Flight_Booking_Test">
        <test-method is-config="true" signature="setup()[pri:0, instance:application.tests.TC001_Flight_Booking_Test@184cf7cf]" started-at="2021-07-21T16:10:44 IST" name="setup" finished-at="2021-07-21T16:10:47 IST" duration-ms="3162" status="PASS">
          <reporter-output>
          </reporter-output>
        </test-method> <!-- setup -->
        <test-method signature="BookingFlight()[pri:0, instance:application.tests.TC001_Flight_Booking_Test@184cf7cf]" started-at="2021-07-21T16:10:47 IST" name="BookingFlight" finished-at="2021-07-21T16:10:52 IST" duration-ms="4863" status="PASS">
          <reporter-output>
          </reporter-output>
        </test-method> <!-- BookingFlight -->
        <test-method is-config="true" signature="teardown()[pri:0, instance:application.tests.TC001_Flight_Booking_Test@184cf7cf]" started-at="2021-07-21T16:10:52 IST" name="teardown" finished-at="2021-07-21T16:10:53 IST" duration-ms="644" status="PASS">
          <reporter-output>
          </reporter-output>
        </test-method> <!-- teardown -->
      </class> <!-- application.tests.TC001_Flight_Booking_Test -->
    </test> <!-- Default test -->
  </suite> <!-- Default suite -->
</testng-results>
